[00:06:25] [main/INFO]: Environment: authHost='https://authserver.mojang.com', accountsHost='https://api.mojang.com', sessionHost='https://sessionserver.mojang.com', name='PROD'
[00:06:26] [main/WARN]: Ambiguity between arguments [teleport, destination] and [teleport, targets] with inputs: [Player, 0123, @e, dd12be42-52a9-4a91-a8a1-11c01849e498]
[00:06:26] [main/WARN]: Ambiguity between arguments [teleport, location] and [teleport, destination] with inputs: [0.1 -0.5 .9, 0 0 0]
[00:06:26] [main/WARN]: Ambiguity between arguments [teleport, location] and [teleport, targets] with inputs: [0.1 -0.5 .9, 0 0 0]
[00:06:26] [main/WARN]: Ambiguity between arguments [teleport, targets] and [teleport, destination] with inputs: [Player, 0123, dd12be42-52a9-4a91-a8a1-11c01849e498]
[00:06:26] [main/WARN]: Ambiguity between arguments [teleport, targets, location] and [teleport, targets, destination] with inputs: [0.1 -0.5 .9, 0 0 0]
[00:06:26] [main/INFO]: Reloading ResourceManager: Default, double shulker shells v1.2.0.zip, dragon drops v1.2.0.zip, durability ping v1.1.0.zip, more mob heads v2.3.0.zip, nether portal coords v1.0.0.zip, wandering trades v1.0.0.zip, armor statues v2.8.1.zip, multiplayer sleep v2.4.3.zip
[00:06:29] [Worker-Main-12/INFO]: Loaded 7 recipes
[00:06:29] [Worker-Main-12/WARN]: Datapack tried to redefine minecraft:empty loot table, ignoring
[00:06:30] [Worker-Main-12/ERROR]: Parsing error loading custom advancement main:main/namespace: Expected item to be an item, was unknown string 'minecraft:item'
[00:06:30] [Worker-Main-12/INFO]: Loaded 974 advancements
[00:06:32] [Server thread/INFO]: Starting minecraft server version 1.16.2
[00:06:32] [Server thread/INFO]: Loading properties
[00:06:32] [Server thread/INFO]: Default game type: SURVIVAL
[00:06:32] [Server thread/INFO]: Generating keypair
[00:06:33] [Server thread/INFO]: Starting Minecraft server on *:25565
[00:06:33] [Server thread/INFO]: Using default channel type
[00:06:37] [Server thread/WARN]: **** SERVER IS RUNNING IN OFFLINE/INSECURE MODE!
[00:06:37] [Server thread/WARN]: The server will make no attempt to authenticate usernames. Beware.
[00:06:37] [Server thread/WARN]: While this makes the game possible to play without internet access, it also opens up the ability for hackers to connect with any username they choose.
[00:06:37] [Server thread/WARN]: To change this, set "online-mode" to "true" in the server.properties file.
[00:06:37] [Server thread/INFO]: Preparing level "world"
[00:06:38] [Server thread/INFO]: Preparing start region for dimension minecraft:overworld
[00:06:39] [Server thread/INFO]: Preparing spawn area: 0%
[00:06:39] [Server thread/INFO]: Preparing spawn area: 0%
[00:06:39] [Server thread/INFO]: Preparing spawn area: 0%
[00:06:39] [Server thread/INFO]: Preparing spawn area: 0%
[00:06:40] [Server thread/INFO]: Preparing spawn area: 0%
[00:06:40] [Server thread/INFO]: Preparing spawn area: 0%
[00:06:42] [Server thread/INFO]: Time elapsed: 4071 ms
[00:06:42] [Server thread/INFO]: Done (4.379s)! For help, type "help"
[00:07:46] [Server thread/INFO]: pigmeister[/192.168.0.2:61165] logged in with entity id 16 at (-1583.6951492428022, 72.0, 93.31713813211766)
[00:07:46] [Server thread/INFO]: pigmeister joined the game
[00:08:55] [Server thread/INFO]: pigmeister lost connection: Disconnected
[00:08:55] [Server thread/INFO]: pigmeister left the game
[00:09:24] [Server thread/INFO]: Stopping the server
[00:09:24] [Server thread/INFO]: Stopping server
[00:09:24] [Server thread/INFO]: Saving players
[00:09:24] [Server thread/INFO]: Saving worlds
[00:09:24] [Server thread/INFO]: Saving chunks for level 'ServerLevel[litcraft]'/minecraft:overworld
[00:09:25] [Server thread/INFO]: ThreadedAnvilChunkStorage (world): All chunks are saved
[00:09:25] [Server thread/INFO]: Saving chunks for level 'ServerLevel[litcraft]'/minecraft:the_nether
[00:09:25] [Server thread/INFO]: ThreadedAnvilChunkStorage (DIM-1): All chunks are saved
[00:09:25] [Server thread/INFO]: Saving chunks for level 'ServerLevel[litcraft]'/minecraft:the_end
[00:09:25] [Server thread/INFO]: ThreadedAnvilChunkStorage (DIM1): All chunks are saved
[00:09:25] [Server thread/INFO]: ThreadedAnvilChunkStorage (world): All chunks are saved
[00:09:25] [Server thread/INFO]: ThreadedAnvilChunkStorage (DIM-1): All chunks are saved
[00:09:25] [Server thread/INFO]: ThreadedAnvilChunkStorage (DIM1): All chunks are saved
